<?xml version="1.0" encoding="UTF-8"?>
<!-- Generated by org.testng.reporters.JUnitXMLReporter -->
<testsuite hostname="Aravinds-MBP.T-mobile.com" name="POC_suite_ChromeLatestWindows10" tests="1" failures="0" timestamp="24 Jan 2020 03:55:27 GMT" time="257.809" errors="0">
  <testcase name="@AfterClass tearDown" time="0.0" classname="com.LimbicArc.testCases.SeleniumPOCTest">
    <failure type="Testing.LIMBICARCPOC.FailedTestException" message="org.openqa.selenium.NoSuchFrameException: no such frame
  (Session info: chrome=79.0.3945.130)
Build info: version: &amp;apos;3.141.59&amp;apos;, revision: &amp;apos;e82be7d358&amp;apos;, time: &amp;apos;2018-11-14T08:17:03&amp;apos;
System info: host: &amp;apos;Aravinds-MBP.T-mobile.com&amp;apos;, ip: &amp;apos;192.168.29.185&amp;apos;, os.name: &amp;apos;Mac OS X&amp;apos;, os.arch: &amp;apos;x86_64&amp;apos;, os.version: &amp;apos;10.11.6&amp;apos;, java.version: &amp;apos;1.8.0_162&amp;apos;
Driver info: org.openqa.selenium.chrome.ChromeDriver
Capabilities {acceptInsecureCerts: false, browserName: chrome, browserVersion: 79.0.3945.130, chrome: {chromedriverVersion: 79.0.3945.36 (3582db32b3389..., userDataDir: /var/folders/c6/6slpsnxn151...}, goog:chromeOptions: {debuggerAddress: localhost:65317}, javascriptEnabled: true, networkConnectionEnabled: false, pageLoadStrategy: normal, platform: MAC, platformName: MAC, proxy: Proxy(), setWindowRect: true, strictFileInteractability: false, timeouts: {implicit: 0, pageLoad: 300000, script: 30000}, unhandledPromptBehavior: dismiss and notify}
Session ID: 7479ba79acf7aa83fcbcbb3360346be2">
      <![CDATA[Testing.LIMBICARCPOC.FailedTestException: org.openqa.selenium.NoSuchFrameException: no such frame
  (Session info: chrome=79.0.3945.130)
Build info: version: '3.141.59', revision: 'e82be7d358', time: '2018-11-14T08:17:03'
System info: host: 'Aravinds-MBP.T-mobile.com', ip: '192.168.29.185', os.name: 'Mac OS X', os.arch: 'x86_64', os.version: '10.11.6', java.version: '1.8.0_162'
Driver info: org.openqa.selenium.chrome.ChromeDriver
Capabilities {acceptInsecureCerts: false, browserName: chrome, browserVersion: 79.0.3945.130, chrome: {chromedriverVersion: 79.0.3945.36 (3582db32b3389..., userDataDir: /var/folders/c6/6slpsnxn151...}, goog:chromeOptions: {debuggerAddress: localhost:65317}, javascriptEnabled: true, networkConnectionEnabled: false, pageLoadStrategy: normal, platform: MAC, platformName: MAC, proxy: Proxy(), setWindowRect: true, strictFileInteractability: false, timeouts: {implicit: 0, pageLoad: 300000, script: 30000}, unhandledPromptBehavior: dismiss and notify}
Session ID: 7479ba79acf7aa83fcbcbb3360346be2
	at Testing.LIMBICARCPOC.TestController.VerificationCheck(TestController.java:77)
	at com.LimbicArc.testCases.SeleniumPOCTest.tearDown(SeleniumPOCTest.java:50)
	at java.util.concurrent.ThreadPoolExecutor.runWorker(ThreadPoolExecutor.java:1149)
	at java.util.concurrent.ThreadPoolExecutor$Worker.run(ThreadPoolExecutor.java:624)
	at java.lang.Thread.run(Thread.java:748)
... Removed 10 stack frames]]>
    </failure>
  </testcase> <!-- @AfterClass tearDown -->
  <testcase name="logintest" time="246.567" classname="com.LimbicArc.testCases.SeleniumPOCTest"/>
</testsuite> <!-- POC_suite_ChromeLatestWindows10 -->
